<?xml version="1.0" encoding="UTF-8"?>
<!-- Generated by org.testng.reporters.JUnitReportReporter -->
<testsuite hostname="ADMIN-PC" failures="0" tests="1" name="testrunners.EmployeeRegistrationTest" time="23.092" errors="0" timestamp="2024-04-28T11:46:56 IST" skipped="0">
  <testcase classname="testrunners.EmployeeRegistrationTest" name="runScenario" time="23.092"/>
  <system-out/>
</testsuite> <!-- testrunners.EmployeeRegistrationTest -->
