<?xml version="1.0" encoding="UTF-8"?>
<!-- Generated by org.testng.reporters.JUnitReportReporter -->
<testsuite hostname="ADMIN-PC" failures="0" tests="7" name="testrunners.AdminLoginTest" time="101.455" errors="0" timestamp="2024-04-28T11:46:56 IST" skipped="0">
  <testcase classname="testrunners.AdminLoginTest" name="runScenario" time="13.173"/>
  <system-out/>
  <testcase classname="testrunners.AdminLoginTest" name="runScenario" time="13.474"/>
  <system-out/>
  <testcase classname="testrunners.AdminLoginTest" name="runScenario" time="14.946"/>
  <system-out/>
  <testcase classname="testrunners.AdminLoginTest" name="runScenario" time="21.596"/>
  <system-out/>
  <testcase classname="testrunners.AdminLoginTest" name="runScenario" time="12.947"/>
  <system-out/>
  <testcase classname="testrunners.AdminLoginTest" name="runScenario" time="12.805"/>
  <system-out/>
  <testcase classname="testrunners.AdminLoginTest" name="runScenario" time="12.514"/>
  <system-out/>
</testsuite> <!-- testrunners.AdminLoginTest -->
